<?xml version="1.0" encoding="UTF-8"?>
<testsuite name="com.csc456.swag.SwagApplicationTests" tests="1" skipped="0" failures="0" errors="0" timestamp="2015-12-07T00:23:13" hostname="anthony-Galago" time="0.002">
  <properties/>
  <testcase name="contextLoads" classname="com.csc456.swag.SwagApplicationTests" time="0.002"/>
  <system-out><![CDATA[19:23:08.240 [Test worker] DEBUG o.s.t.c.j.SpringJUnit4ClassRunner - SpringJUnit4ClassRunner constructor called with [class com.csc456.swag.SwagApplicationTests]
19:23:08.249 [Test worker] DEBUG o.s.test.context.BootstrapUtils - Instantiating CacheAwareContextLoaderDelegate from class [org.springframework.test.context.cache.DefaultCacheAwareContextLoaderDelegate]
19:23:08.259 [Test worker] DEBUG o.s.test.context.BootstrapUtils - Instantiating BootstrapContext using constructor [public org.springframework.test.context.support.DefaultBootstrapContext(java.lang.Class,org.springframework.test.context.CacheAwareContextLoaderDelegate)]
19:23:08.283 [Test worker] DEBUG o.s.test.context.BootstrapUtils - Instantiating TestContextBootstrapper for test class [com.csc456.swag.SwagApplicationTests] from class [org.springframework.test.context.web.WebTestContextBootstrapper]
19:23:08.326 [Test worker] DEBUG o.s.t.c.w.WebTestContextBootstrapper - Found explicit ContextLoader class [org.springframework.boot.test.SpringApplicationContextLoader] for context configuration attributes [ContextConfigurationAttributes@5ad44d46 declaringClass = 'com.csc456.swag.SwagApplicationTests', classes = '{class com.csc456.swag.SwagApplication}', locations = '{}', inheritLocations = true, initializers = '{}', inheritInitializers = true, name = [null], contextLoaderClass = 'org.springframework.boot.test.SpringApplicationContextLoader']
19:23:08.339 [Test worker] DEBUG o.s.t.c.s.AbstractContextLoader - Did not detect default resource location for test class [com.csc456.swag.SwagApplicationTests]: class path resource [com/csc456/swag/SwagApplicationTests-context.xml] does not exist
19:23:08.339 [Test worker] DEBUG o.s.t.c.s.AbstractContextLoader - Did not detect default resource location for test class [com.csc456.swag.SwagApplicationTests]: class path resource [com/csc456/swag/SwagApplicationTestsContext.groovy] does not exist
19:23:08.339 [Test worker] INFO  o.s.t.c.s.AbstractContextLoader - Could not detect default resource locations for test class [com.csc456.swag.SwagApplicationTests]: no resource found for suffixes {-context.xml, Context.groovy}.
19:23:08.343 [Test worker] DEBUG o.s.t.c.support.ActiveProfilesUtils - Could not find an 'annotation declaring class' for annotation type [org.springframework.test.context.ActiveProfiles] and class [com.csc456.swag.SwagApplicationTests]
19:23:08.347 [Test worker] DEBUG o.s.t.c.w.WebTestContextBootstrapper - @TestExecutionListeners is not present for class [com.csc456.swag.SwagApplicationTests]: using defaults.
19:23:08.358 [Test worker] INFO  o.s.t.c.w.WebTestContextBootstrapper - Loaded default TestExecutionListener class names from location [META-INF/spring.factories]: [org.springframework.test.context.web.ServletTestExecutionListener, org.springframework.test.context.support.DirtiesContextBeforeModesTestExecutionListener, org.springframework.test.context.support.DependencyInjectionTestExecutionListener, org.springframework.test.context.support.DirtiesContextTestExecutionListener, org.springframework.test.context.transaction.TransactionalTestExecutionListener, org.springframework.test.context.jdbc.SqlScriptsTestExecutionListener]
19:23:08.366 [Test worker] INFO  o.s.t.c.w.WebTestContextBootstrapper - Could not instantiate TestExecutionListener [org.springframework.test.context.transaction.TransactionalTestExecutionListener]. Specify custom listener classes or make the default listener classes (and their required dependencies) available. Offending class: [org/springframework/transaction/TransactionDefinition]
19:23:08.367 [Test worker] INFO  o.s.t.c.w.WebTestContextBootstrapper - Could not instantiate TestExecutionListener [org.springframework.test.context.jdbc.SqlScriptsTestExecutionListener]. Specify custom listener classes or make the default listener classes (and their required dependencies) available. Offending class: [org/springframework/transaction/interceptor/TransactionAttribute]
19:23:08.373 [Test worker] INFO  o.s.t.c.w.WebTestContextBootstrapper - Using TestExecutionListeners: [org.springframework.test.context.web.ServletTestExecutionListener@2ffb8a64, org.springframework.test.context.support.DirtiesContextBeforeModesTestExecutionListener@73687d84, org.springframework.test.context.support.DependencyInjectionTestExecutionListener@501fff5c, org.springframework.test.context.support.DirtiesContextTestExecutionListener@6d17f020]
19:23:08.378 [Test worker] DEBUG o.s.t.annotation.ProfileValueUtils - Retrieved @ProfileValueSourceConfiguration [null] for test class [com.csc456.swag.SwagApplicationTests]
19:23:08.378 [Test worker] DEBUG o.s.t.annotation.ProfileValueUtils - Retrieved ProfileValueSource type [class org.springframework.test.annotation.SystemProfileValueSource] for class [com.csc456.swag.SwagApplicationTests]
19:23:08.380 [Test worker] DEBUG o.s.t.annotation.ProfileValueUtils - Retrieved @ProfileValueSourceConfiguration [null] for test class [com.csc456.swag.SwagApplicationTests]
19:23:08.380 [Test worker] DEBUG o.s.t.annotation.ProfileValueUtils - Retrieved ProfileValueSource type [class org.springframework.test.annotation.SystemProfileValueSource] for class [com.csc456.swag.SwagApplicationTests]
19:23:08.384 [Test worker] DEBUG o.s.t.c.s.AbstractDirtiesContextTestExecutionListener - Before test class: context [DefaultTestContext@772b365a testClass = SwagApplicationTests, testInstance = [null], testMethod = [null], testException = [null], mergedContextConfiguration = [WebMergedContextConfiguration@13b0e686 testClass = SwagApplicationTests, locations = '{}', classes = '{class com.csc456.swag.SwagApplication}', contextInitializerClasses = '[]', activeProfiles = '{}', propertySourceLocations = '{}', propertySourceProperties = '{}', resourceBasePath = 'src/main/webapp', contextLoader = 'org.springframework.boot.test.SpringApplicationContextLoader', parent = [null]]], class annotated with @DirtiesContext [false] with mode [null].
19:23:08.385 [Test worker] DEBUG o.s.t.annotation.ProfileValueUtils - Retrieved @ProfileValueSourceConfiguration [null] for test class [com.csc456.swag.SwagApplicationTests]
19:23:08.385 [Test worker] DEBUG o.s.t.annotation.ProfileValueUtils - Retrieved ProfileValueSource type [class org.springframework.test.annotation.SystemProfileValueSource] for class [com.csc456.swag.SwagApplicationTests]
19:23:08.480 [Test worker] DEBUG o.s.core.env.StandardEnvironment - Adding [systemProperties] PropertySource with lowest search precedence
19:23:08.483 [Test worker] DEBUG o.s.core.env.StandardEnvironment - Adding [systemEnvironment] PropertySource with lowest search precedence
19:23:08.484 [Test worker] DEBUG o.s.core.env.StandardEnvironment - Initialized StandardEnvironment with PropertySources [systemProperties,systemEnvironment]
19:23:08.486 [Test worker] DEBUG o.s.core.env.StandardEnvironment - Adding [integrationTest] PropertySource with search precedence immediately lower than [systemEnvironment]

  .   ____          _            __ _ _
 /\\ / ___'_ __ _ _(_)_ __  __ _ \ \ \ \
( ( )\___ | '_ | '_| | '_ \/ _` | \ \ \ \
 \\/  ___)| |_)| | | | | || (_| |  ) ) ) )
  '  |____| .__|_| |_|_| |_\__, | / / / /
 =========|_|==============|___/=/_/_/_/
 :: Spring Boot ::        (v1.3.0.RELEASE)

2015-12-06 19:23:08.785  INFO 8061 --- [    Test worker] com.csc456.swag.SwagApplicationTests     : Starting SwagApplicationTests on anthony-Galago with PID 8061 (/home/anthony/projects/swag/build/classes/test started by anthony in /home/anthony/projects/swag)
2015-12-06 19:23:08.786  INFO 8061 --- [    Test worker] com.csc456.swag.SwagApplicationTests     : No profiles are active
2015-12-06 19:23:08.871  INFO 8061 --- [    Test worker] o.s.w.c.s.GenericWebApplicationContext   : Refreshing org.springframework.web.context.support.GenericWebApplicationContext@48dc3589: startup date [Sun Dec 06 19:23:08 EST 2015]; root of context hierarchy
2015-12-06 19:23:10.348  INFO 8061 --- [    Test worker] o.s.b.f.s.DefaultListableBeanFactory     : Overriding bean definition for bean 'beanNameViewResolver' with a different definition: replacing [Root bean: class [null]; scope=; abstract=false; lazyInit=false; autowireMode=3; dependencyCheck=0; autowireCandidate=true; primary=false; factoryBeanName=org.springframework.boot.autoconfigure.web.ErrorMvcAutoConfiguration$WhitelabelErrorViewConfiguration; factoryMethodName=beanNameViewResolver; initMethodName=null; destroyMethodName=(inferred); defined in class path resource [org/springframework/boot/autoconfigure/web/ErrorMvcAutoConfiguration$WhitelabelErrorViewConfiguration.class]] with [Root bean: class [null]; scope=; abstract=false; lazyInit=false; autowireMode=3; dependencyCheck=0; autowireCandidate=true; primary=false; factoryBeanName=org.springframework.boot.autoconfigure.web.WebMvcAutoConfiguration$WebMvcAutoConfigurationAdapter; factoryMethodName=beanNameViewResolver; initMethodName=null; destroyMethodName=(inferred); defined in class path resource [org/springframework/boot/autoconfigure/web/WebMvcAutoConfiguration$WebMvcAutoConfigurationAdapter.class]]
2015-12-06 19:23:11.979  INFO 8061 --- [    Test worker] s.w.s.m.m.a.RequestMappingHandlerMapping : Mapped "{[/greeting]}" onto public com.csc456.swag.Greeting com.csc456.swag.controller.GreetingController.greeting(java.lang.String)
2015-12-06 19:23:11.981  INFO 8061 --- [    Test worker] s.w.s.m.m.a.RequestMappingHandlerMapping : Mapped "{[/v2/api-docs],methods=[GET]}" onto public org.springframework.http.ResponseEntity<springfox.documentation.spring.web.json.Json> springfox.documentation.swagger2.web.Swagger2Controller.getDocumentation(java.lang.String)
2015-12-06 19:23:11.989  INFO 8061 --- [    Test worker] s.w.s.m.m.a.RequestMappingHandlerMapping : Mapped "{[/configuration/security]}" onto org.springframework.http.ResponseEntity<springfox.documentation.swagger.web.SecurityConfiguration> springfox.documentation.swagger.web.ApiResourceController.securityConfiguration()
2015-12-06 19:23:11.989  INFO 8061 --- [    Test worker] s.w.s.m.m.a.RequestMappingHandlerMapping : Mapped "{[/configuration/ui]}" onto org.springframework.http.ResponseEntity<springfox.documentation.swagger.web.UiConfiguration> springfox.documentation.swagger.web.ApiResourceController.uiConfiguration()
2015-12-06 19:23:11.990  INFO 8061 --- [    Test worker] s.w.s.m.m.a.RequestMappingHandlerMapping : Mapped "{[/swagger-resources]}" onto org.springframework.http.ResponseEntity<java.util.List<springfox.documentation.swagger.web.SwaggerResource>> springfox.documentation.swagger.web.ApiResourceController.swaggerResources()
2015-12-06 19:23:12.007  INFO 8061 --- [    Test worker] s.w.s.m.m.a.RequestMappingHandlerMapping : Mapped "{[/error],produces=[text/html]}" onto public org.springframework.web.servlet.ModelAndView org.springframework.boot.autoconfigure.web.BasicErrorController.errorHtml(javax.servlet.http.HttpServletRequest)
2015-12-06 19:23:12.008  INFO 8061 --- [    Test worker] s.w.s.m.m.a.RequestMappingHandlerMapping : Mapped "{[/error]}" onto public org.springframework.http.ResponseEntity<java.util.Map<java.lang.String, java.lang.Object>> org.springframework.boot.autoconfigure.web.BasicErrorController.error(javax.servlet.http.HttpServletRequest)
2015-12-06 19:23:12.498  INFO 8061 --- [    Test worker] s.w.s.m.m.a.RequestMappingHandlerAdapter : Looking for @ControllerAdvice: org.springframework.web.context.support.GenericWebApplicationContext@48dc3589: startup date [Sun Dec 06 19:23:08 EST 2015]; root of context hierarchy
2015-12-06 19:23:12.563  INFO 8061 --- [    Test worker] o.s.w.s.handler.SimpleUrlHandlerMapping  : Mapped URL path [/webjars/**] onto handler of type [class org.springframework.web.servlet.resource.ResourceHttpRequestHandler]
2015-12-06 19:23:12.563  INFO 8061 --- [    Test worker] o.s.w.s.handler.SimpleUrlHandlerMapping  : Mapped URL path [/**] onto handler of type [class org.springframework.web.servlet.resource.ResourceHttpRequestHandler]
2015-12-06 19:23:12.606  INFO 8061 --- [    Test worker] o.s.w.s.handler.SimpleUrlHandlerMapping  : Mapped URL path [/**/favicon.ico] onto handler of type [class org.springframework.web.servlet.resource.ResourceHttpRequestHandler]
2015-12-06 19:23:12.796  INFO 8061 --- [    Test worker] d.s.w.p.DocumentationPluginsBootstrapper : Context refreshed
2015-12-06 19:23:12.824  INFO 8061 --- [    Test worker] d.s.w.p.DocumentationPluginsBootstrapper : Found {0} custom documentation plugin(s)
2015-12-06 19:23:12.834  INFO 8061 --- [    Test worker] s.d.s.w.s.ApiListingReferenceScanner     : Scanning for api listing references
2015-12-06 19:23:12.841  INFO 8061 --- [    Test worker] s.w.ClassOrApiAnnotationResourceGrouping : Group for method greeting was greeting-controller
2015-12-06 19:23:12.842  INFO 8061 --- [    Test worker] s.d.s.w.s.ApiListingReferenceScanner     : Request mapping: greeting belongs to groups: [[ResourceGroup{groupName='greeting-controller', position=0, controller=com.csc456.swag.controller.GreetingController}]] 
2015-12-06 19:23:12.843  INFO 8061 --- [    Test worker] s.w.ClassOrApiAnnotationResourceGrouping : Group for method errorHtml was basic-error-controller
2015-12-06 19:23:12.844  INFO 8061 --- [    Test worker] s.d.s.w.s.ApiListingReferenceScanner     : Request mapping: errorHtml belongs to groups: [[ResourceGroup{groupName='basic-error-controller', position=0, controller=org.springframework.boot.autoconfigure.web.BasicErrorController}]] 
2015-12-06 19:23:12.844  INFO 8061 --- [    Test worker] s.w.ClassOrApiAnnotationResourceGrouping : Group for method error was basic-error-controller
2015-12-06 19:23:12.844  INFO 8061 --- [    Test worker] s.d.s.w.s.ApiListingReferenceScanner     : Request mapping: error belongs to groups: [[ResourceGroup{groupName='basic-error-controller', position=0, controller=org.springframework.boot.autoconfigure.web.BasicErrorController}]] 
2015-12-06 19:23:12.848  INFO 8061 --- [    Test worker] s.d.s.w.s.ApiListingReferenceScanner     : Created resource listing Path: /default/greeting-controller Description: greeting-controller Position: 0
2015-12-06 19:23:12.849  INFO 8061 --- [    Test worker] s.d.s.w.s.ApiListingReferenceScanner     : Created resource listing Path: /default/basic-error-controller Description: basic-error-controller Position: 0
2015-12-06 19:23:12.920  INFO 8061 --- [    Test worker] s.w.ClassOrApiAnnotationResourceGrouping : Group for method greeting was greeting-controller
2015-12-06 19:23:12.951  INFO 8061 --- [    Test worker] s.w.ClassOrApiAnnotationResourceGrouping : Group for method greeting was greeting-controller
2015-12-06 19:23:12.958  INFO 8061 --- [    Test worker] s.w.ClassOrApiAnnotationResourceGrouping : Group for method greeting was greeting-controller
2015-12-06 19:23:12.967  INFO 8061 --- [    Test worker] s.w.ClassOrApiAnnotationResourceGrouping : Group for method greeting was greeting-controller
2015-12-06 19:23:12.971  INFO 8061 --- [    Test worker] s.w.ClassOrApiAnnotationResourceGrouping : Group for method greeting was greeting-controller
2015-12-06 19:23:12.975  INFO 8061 --- [    Test worker] s.w.ClassOrApiAnnotationResourceGrouping : Group for method greeting was greeting-controller
2015-12-06 19:23:12.980  INFO 8061 --- [    Test worker] s.w.ClassOrApiAnnotationResourceGrouping : Group for method greeting was greeting-controller
2015-12-06 19:23:12.984  INFO 8061 --- [    Test worker] s.w.ClassOrApiAnnotationResourceGrouping : Group for method greeting was greeting-controller
2015-12-06 19:23:13.011  INFO 8061 --- [    Test worker] s.w.ClassOrApiAnnotationResourceGrouping : Group for method errorHtml was basic-error-controller
2015-12-06 19:23:13.013  INFO 8061 --- [    Test worker] s.w.ClassOrApiAnnotationResourceGrouping : Group for method errorHtml was basic-error-controller
2015-12-06 19:23:13.015  INFO 8061 --- [    Test worker] s.w.ClassOrApiAnnotationResourceGrouping : Group for method errorHtml was basic-error-controller
2015-12-06 19:23:13.017  INFO 8061 --- [    Test worker] s.w.ClassOrApiAnnotationResourceGrouping : Group for method errorHtml was basic-error-controller
2015-12-06 19:23:13.019  INFO 8061 --- [    Test worker] s.w.ClassOrApiAnnotationResourceGrouping : Group for method errorHtml was basic-error-controller
2015-12-06 19:23:13.020  INFO 8061 --- [    Test worker] s.w.ClassOrApiAnnotationResourceGrouping : Group for method errorHtml was basic-error-controller
2015-12-06 19:23:13.022  INFO 8061 --- [    Test worker] s.w.ClassOrApiAnnotationResourceGrouping : Group for method errorHtml was basic-error-controller
2015-12-06 19:23:13.024  INFO 8061 --- [    Test worker] s.w.ClassOrApiAnnotationResourceGrouping : Group for method errorHtml was basic-error-controller
2015-12-06 19:23:13.028  INFO 8061 --- [    Test worker] s.w.ClassOrApiAnnotationResourceGrouping : Group for method error was basic-error-controller
2015-12-06 19:23:13.030  INFO 8061 --- [    Test worker] s.w.ClassOrApiAnnotationResourceGrouping : Group for method error was basic-error-controller
2015-12-06 19:23:13.032  INFO 8061 --- [    Test worker] s.w.ClassOrApiAnnotationResourceGrouping : Group for method error was basic-error-controller
2015-12-06 19:23:13.034  INFO 8061 --- [    Test worker] s.w.ClassOrApiAnnotationResourceGrouping : Group for method error was basic-error-controller
2015-12-06 19:23:13.036  INFO 8061 --- [    Test worker] s.w.ClassOrApiAnnotationResourceGrouping : Group for method error was basic-error-controller
2015-12-06 19:23:13.038  INFO 8061 --- [    Test worker] s.w.ClassOrApiAnnotationResourceGrouping : Group for method error was basic-error-controller
2015-12-06 19:23:13.040  INFO 8061 --- [    Test worker] s.w.ClassOrApiAnnotationResourceGrouping : Group for method error was basic-error-controller
2015-12-06 19:23:13.042  INFO 8061 --- [    Test worker] s.w.ClassOrApiAnnotationResourceGrouping : Group for method error was basic-error-controller
2015-12-06 19:23:13.059  INFO 8061 --- [    Test worker] com.csc456.swag.SwagApplicationTests     : Started SwagApplicationTests in 4.561 seconds (JVM running for 5.883)
]]></system-out>
  <system-err><![CDATA[]]></system-err>
</testsuite>
